0 info it worked if it ends with ok
1 verbose cli [ '/Users/jonner/.nvm/versions/node/v7.6.0/bin/node',
1 verbose cli   '/Users/jonner/.nvm/versions/node/v7.6.0/bin/npm',
1 verbose cli   'run',
1 verbose cli   'start' ]
2 info using npm@4.1.2
3 info using node@v7.6.0
4 verbose run-script [ 'prestart', 'start', 'poststart' ]
5 info lifecycle jon-test@0.0.1~prestart: jon-test@0.0.1
6 silly lifecycle jon-test@0.0.1~prestart: no script for prestart, continuing
7 info lifecycle jon-test@0.0.1~start: jon-test@0.0.1
8 verbose lifecycle jon-test@0.0.1~start: unsafe-perm in lifecycle true
9 verbose lifecycle jon-test@0.0.1~start: PATH: /Users/jonner/.nvm/versions/node/v7.6.0/lib/node_modules/npm/bin/node-gyp-bin:/Users/jonner/code/hak/chrome-ext/node_modules/.bin:/Users/jonner/.nvm/versions/node/v7.6.0/bin:/Users/jonner/.rvm/gems/ruby-2.3.1/bin:/Users/jonner/.rvm/gems/ruby-2.3.1@global/bin:/Users/jonner/.rvm/rubies/ruby-2.3.1/bin:/Users/jonner/bin:/Users/jonner/.dotfiles/bin:/Users/jonner/local/bin:/Users/jonner/.rbenv/bin:/usr/bin:/bin:/usr/sbin:/sbin:/usr/local/bin:/Library/TeX/texbin:/Users/jonner/.rvm/gems/ruby-2.3.1/bin:/Users/jonner/.rvm/gems/ruby-2.3.1@global/bin:/Users/jonner/.rvm/rubies/ruby-2.3.1/bin:/Users/jonner/bin:/Users/jonner/.dotfiles/bin:/Users/jonner/local/bin:/Users/jonner/.rbenv/bin:/usr/local/sbin:/Users/jonner/.rvm/bin:/usr/local/bin:/usr/local/sbin:/usr/bin:/bin:/usr/sbin:/sbin:/Users/jonner/.rvm/bin
10 verbose lifecycle jon-test@0.0.1~start: CWD: /Users/jonner/code/hak/chrome-ext
11 silly lifecycle jon-test@0.0.1~start: Args: [ '-c', 'node utils/webserver.js' ]
12 silly lifecycle jon-test@0.0.1~start: Returned: code: 1  signal: null
13 info lifecycle jon-test@0.0.1~start: Failed to exec start script
14 verbose stack Error: jon-test@0.0.1 start: `node utils/webserver.js`
14 verbose stack Exit status 1
14 verbose stack     at EventEmitter.<anonymous> (/Users/jonner/.nvm/versions/node/v7.6.0/lib/node_modules/npm/lib/utils/lifecycle.js:279:16)
14 verbose stack     at emitTwo (events.js:106:13)
14 verbose stack     at EventEmitter.emit (events.js:192:7)
14 verbose stack     at ChildProcess.<anonymous> (/Users/jonner/.nvm/versions/node/v7.6.0/lib/node_modules/npm/lib/utils/spawn.js:40:14)
14 verbose stack     at emitTwo (events.js:106:13)
14 verbose stack     at ChildProcess.emit (events.js:192:7)
14 verbose stack     at maybeClose (internal/child_process.js:890:16)
14 verbose stack     at Process.ChildProcess._handle.onexit (internal/child_process.js:226:5)
15 verbose pkgid jon-test@0.0.1
16 verbose cwd /Users/jonner/code/hak/chrome-ext
17 error Darwin 15.6.0
18 error argv "/Users/jonner/.nvm/versions/node/v7.6.0/bin/node" "/Users/jonner/.nvm/versions/node/v7.6.0/bin/npm" "run" "start"
19 error node v7.6.0
20 error npm  v4.1.2
21 error code ELIFECYCLE
22 error jon-test@0.0.1 start: `node utils/webserver.js`
22 error Exit status 1
23 error Failed at the jon-test@0.0.1 start script 'node utils/webserver.js'.
23 error Make sure you have the latest version of node.js and npm installed.
23 error If you do, this is most likely a problem with the jon-test package,
23 error not with npm itself.
23 error Tell the author that this fails on your system:
23 error     node utils/webserver.js
23 error You can get information on how to open an issue for this project with:
23 error     npm bugs jon-test
23 error Or if that isn't available, you can get their info via:
23 error     npm owner ls jon-test
23 error There is likely additional logging output above.
24 verbose exit [ 1, true ]
